{"/home/teycir/Repos/Gist/content/content.js": {"path":"/home/teycir/Repos/Gist/content/content.js","statementMap":{"0":{"start":{"line":1,"column":20},"end":{"line":1,"column":24}},"1":{"start":{"line":4,"column":2},"end":{"line":4,"column":55}},"2":{"start":{"line":4,"column":48},"end":{"line":4,"column":55}},"3":{"start":{"line":6,"column":14},"end":{"line":6,"column":46}},"4":{"start":{"line":7,"column":2},"end":{"line":7,"column":40}},"5":{"start":{"line":8,"column":2},"end":{"line":8,"column":34}},"6":{"start":{"line":9,"column":2},"end":{"line":9,"column":33}},"7":{"start":{"line":10,"column":2},"end":{"line":10,"column":33}},"8":{"start":{"line":14,"column":16},"end":{"line":14,"column":97}},"9":{"start":{"line":15,"column":15},"end":{"line":15,"column":17}},"10":{"start":{"line":16,"column":15},"end":{"line":16,"column":24}},"11":{"start":{"line":18,"column":2},"end":{"line":25,"column":3}},"12":{"start":{"line":19,"column":16},"end":{"line":19,"column":25}},"13":{"start":{"line":20,"column":4},"end":{"line":24,"column":5}},"14":{"start":{"line":21,"column":6},"end":{"line":21,"column":20}},"15":{"start":{"line":22,"column":6},"end":{"line":22,"column":21}},"16":{"start":{"line":23,"column":6},"end":{"line":23,"column":34}},"17":{"start":{"line":23,"column":28},"end":{"line":23,"column":34}},"18":{"start":{"line":27,"column":2},"end":{"line":27,"column":14}},"19":{"start":{"line":31,"column":17},"end":{"line":31,"column":32}},"20":{"start":{"line":32,"column":14},"end":{"line":32,"column":55}},"21":{"start":{"line":34,"column":2},"end":{"line":36,"column":5}},"22":{"start":{"line":35,"column":4},"end":{"line":35,"column":57}},"23":{"start":{"line":35,"column":44},"end":{"line":35,"column":55}},"24":{"start":{"line":38,"column":2},"end":{"line":40,"column":5}},"25":{"start":{"line":39,"column":4},"end":{"line":39,"column":62}},"26":{"start":{"line":39,"column":49},"end":{"line":39,"column":60}},"27":{"start":{"line":42,"column":15},"end":{"line":42,"column":103}},"28":{"start":{"line":43,"column":15},"end":{"line":43,"column":36}},"29":{"start":{"line":44,"column":2},"end":{"line":44,"column":57}},"30":{"start":{"line":48,"column":18},"end":{"line":48,"column":47}},"31":{"start":{"line":49,"column":2},"end":{"line":49,"column":40}},"32":{"start":{"line":51,"column":18},"end":{"line":51,"column":47}},"33":{"start":{"line":52,"column":2},"end":{"line":52,"column":40}},"34":{"start":{"line":54,"column":17},"end":{"line":54,"column":46}},"35":{"start":{"line":55,"column":2},"end":{"line":55,"column":38}},"36":{"start":{"line":57,"column":16},"end":{"line":57,"column":44}},"37":{"start":{"line":58,"column":2},"end":{"line":58,"column":36}},"38":{"start":{"line":59,"column":2},"end":{"line":59,"column":36}},"39":{"start":{"line":61,"column":2},"end":{"line":68,"column":3}},"40":{"start":{"line":62,"column":21},"end":{"line":62,"column":50}},"41":{"start":{"line":63,"column":4},"end":{"line":63,"column":37}},"42":{"start":{"line":64,"column":4},"end":{"line":64,"column":37}},"43":{"start":{"line":65,"column":4},"end":{"line":65,"column":37}},"44":{"start":{"line":66,"column":4},"end":{"line":66,"column":66}},"45":{"start":{"line":67,"column":4},"end":{"line":67,"column":32}},"46":{"start":{"line":70,"column":18},"end":{"line":70,"column":47}},"47":{"start":{"line":71,"column":2},"end":{"line":71,"column":33}},"48":{"start":{"line":72,"column":2},"end":{"line":72,"column":28}},"49":{"start":{"line":74,"column":18},"end":{"line":74,"column":50}},"50":{"start":{"line":75,"column":2},"end":{"line":75,"column":34}},"51":{"start":{"line":76,"column":2},"end":{"line":76,"column":27}},"52":{"start":{"line":77,"column":2},"end":{"line":77,"column":33}},"53":{"start":{"line":78,"column":2},"end":{"line":82,"column":4}},"54":{"start":{"line":79,"column":4},"end":{"line":79,"column":44}},"55":{"start":{"line":80,"column":4},"end":{"line":80,"column":28}},"56":{"start":{"line":81,"column":4},"end":{"line":81,"column":53}},"57":{"start":{"line":81,"column":21},"end":{"line":81,"column":45}},"58":{"start":{"line":84,"column":19},"end":{"line":84,"column":51}},"59":{"start":{"line":85,"column":2},"end":{"line":85,"column":35}},"60":{"start":{"line":86,"column":2},"end":{"line":86,"column":27}},"61":{"start":{"line":87,"column":2},"end":{"line":87,"column":44}},"62":{"start":{"line":87,"column":27},"end":{"line":87,"column":43}},"63":{"start":{"line":89,"column":2},"end":{"line":89,"column":31}},"64":{"start":{"line":90,"column":2},"end":{"line":90,"column":32}},"65":{"start":{"line":91,"column":2},"end":{"line":91,"column":28}},"66":{"start":{"line":92,"column":2},"end":{"line":92,"column":30}},"67":{"start":{"line":94,"column":15},"end":{"line":94,"column":44}},"68":{"start":{"line":95,"column":2},"end":{"line":95,"column":34}},"69":{"start":{"line":97,"column":2},"end":{"line":106,"column":3}},"70":{"start":{"line":98,"column":22},"end":{"line":98,"column":46}},"71":{"start":{"line":99,"column":4},"end":{"line":99,"column":50}},"72":{"start":{"line":100,"column":4},"end":{"line":103,"column":7}},"73":{"start":{"line":101,"column":6},"end":{"line":101,"column":29}},"74":{"start":{"line":102,"column":6},"end":{"line":102,"column":35}},"75":{"start":{"line":105,"column":4},"end":{"line":105,"column":30}},"76":{"start":{"line":108,"column":19},"end":{"line":108,"column":41}},"77":{"start":{"line":109,"column":2},"end":{"line":114,"column":5}},"78":{"start":{"line":110,"column":4},"end":{"line":112,"column":5}},"79":{"start":{"line":111,"column":6},"end":{"line":111,"column":83}},"80":{"start":{"line":113,"column":4},"end":{"line":113,"column":15}},"81":{"start":{"line":116,"column":2},"end":{"line":116,"column":30}},"82":{"start":{"line":117,"column":2},"end":{"line":117,"column":28}},"83":{"start":{"line":118,"column":2},"end":{"line":118,"column":31}},"84":{"start":{"line":120,"column":2},"end":{"line":122,"column":4}},"85":{"start":{"line":121,"column":4},"end":{"line":121,"column":47}},"86":{"start":{"line":121,"column":30},"end":{"line":121,"column":47}},"87":{"start":{"line":124,"column":2},"end":{"line":124,"column":37}},"88":{"start":{"line":128,"column":14},"end":{"line":128,"column":54}},"89":{"start":{"line":129,"column":23},"end":{"line":129,"column":36}},"90":{"start":{"line":131,"column":2},"end":{"line":229,"column":3}},"91":{"start":{"line":132,"column":76},"end":{"line":132,"column":177}},"92":{"start":{"line":134,"column":4},"end":{"line":139,"column":5}},"93":{"start":{"line":135,"column":6},"end":{"line":137,"column":7}},"94":{"start":{"line":136,"column":8},"end":{"line":136,"column":70}},"95":{"start":{"line":138,"column":6},"end":{"line":138,"column":13}},"96":{"start":{"line":141,"column":18},"end":{"line":141,"column":60}},"97":{"start":{"line":142,"column":21},"end":{"line":142,"column":50}},"98":{"start":{"line":143,"column":19},"end":{"line":143,"column":46}},"99":{"start":{"line":145,"column":31},"end":{"line":149,"column":5}},"100":{"start":{"line":151,"column":4},"end":{"line":151,"column":24}},"101":{"start":{"line":152,"column":4},"end":{"line":152,"column":68}},"102":{"start":{"line":154,"column":17},"end":{"line":154,"column":35}},"103":{"start":{"line":155,"column":4},"end":{"line":155,"column":37}},"104":{"start":{"line":157,"column":4},"end":{"line":160,"column":5}},"105":{"start":{"line":158,"column":6},"end":{"line":158,"column":53}},"106":{"start":{"line":159,"column":6},"end":{"line":159,"column":13}},"107":{"start":{"line":162,"column":4},"end":{"line":162,"column":93}},"108":{"start":{"line":164,"column":26},"end":{"line":169,"column":5}},"109":{"start":{"line":165,"column":6},"end":{"line":168,"column":24}},"110":{"start":{"line":166,"column":29},"end":{"line":166,"column":37}},"111":{"start":{"line":167,"column":35},"end":{"line":167,"column":76}},"112":{"start":{"line":167,"column":52},"end":{"line":167,"column":69}},"113":{"start":{"line":168,"column":21},"end":{"line":168,"column":23}},"114":{"start":{"line":171,"column":18},"end":{"line":171,"column":50}},"115":{"start":{"line":173,"column":4},"end":{"line":173,"column":69}},"116":{"start":{"line":174,"column":19},"end":{"line":180,"column":26}},"117":{"start":{"line":176,"column":21},"end":{"line":176,"column":42}},"118":{"start":{"line":177,"column":8},"end":{"line":177,"column":81}},"119":{"start":{"line":179,"column":22},"end":{"line":179,"column":26}},"120":{"start":{"line":182,"column":23},"end":{"line":182,"column":75}},"121":{"start":{"line":182,"column":44},"end":{"line":182,"column":63}},"122":{"start":{"line":184,"column":4},"end":{"line":187,"column":5}},"123":{"start":{"line":185,"column":6},"end":{"line":185,"column":62}},"124":{"start":{"line":186,"column":6},"end":{"line":186,"column":13}},"125":{"start":{"line":189,"column":19},"end":{"line":189,"column":402}},"126":{"start":{"line":191,"column":21},"end":{"line":202,"column":5}},"127":{"start":{"line":204,"column":4},"end":{"line":207,"column":5}},"128":{"start":{"line":205,"column":20},"end":{"line":205,"column":41}},"129":{"start":{"line":206,"column":6},"end":{"line":206,"column":68}},"130":{"start":{"line":209,"column":17},"end":{"line":209,"column":38}},"131":{"start":{"line":210,"column":19},"end":{"line":210,"column":66}},"132":{"start":{"line":212,"column":4},"end":{"line":214,"column":5}},"133":{"start":{"line":213,"column":6},"end":{"line":213,"column":46}},"134":{"start":{"line":216,"column":4},"end":{"line":218,"column":5}},"135":{"start":{"line":217,"column":6},"end":{"line":217,"column":97}},"136":{"start":{"line":217,"column":74},"end":{"line":217,"column":82}},"137":{"start":{"line":220,"column":4},"end":{"line":220,"column":29}},"138":{"start":{"line":221,"column":4},"end":{"line":221,"column":35}},"139":{"start":{"line":224,"column":4},"end":{"line":224,"column":49}},"140":{"start":{"line":225,"column":4},"end":{"line":225,"column":39}},"141":{"start":{"line":227,"column":4},"end":{"line":227,"column":25}},"142":{"start":{"line":228,"column":4},"end":{"line":228,"column":33}},"143":{"start":{"line":232,"column":0},"end":{"line":237,"column":3}},"144":{"start":{"line":233,"column":2},"end":{"line":236,"column":3}},"145":{"start":{"line":234,"column":4},"end":{"line":234,"column":23}},"146":{"start":{"line":235,"column":4},"end":{"line":235,"column":23}},"147":{"start":{"line":239,"column":0},"end":{"line":243,"column":1}},"148":{"start":{"line":240,"column":2},"end":{"line":240,"column":68}},"149":{"start":{"line":242,"column":2},"end":{"line":242,"column":23}}},"fnMap":{"0":{"name":"addSummarizeButton","decl":{"start":{"line":3,"column":9},"end":{"line":3,"column":27}},"loc":{"start":{"line":3,"column":30},"end":{"line":11,"column":1}},"line":3},"1":{"name":"scrapeGoogleUrls","decl":{"start":{"line":13,"column":9},"end":{"line":13,"column":25}},"loc":{"start":{"line":13,"column":28},"end":{"line":28,"column":1}},"line":13},"2":{"name":"cleanHtmlToText","decl":{"start":{"line":30,"column":9},"end":{"line":30,"column":24}},"loc":{"start":{"line":30,"column":31},"end":{"line":45,"column":1}},"line":30},"3":{"name":"(anonymous_3)","decl":{"start":{"line":34,"column":111},"end":{"line":34,"column":112}},"loc":{"start":{"line":34,"column":118},"end":{"line":36,"column":3}},"line":34},"4":{"name":"(anonymous_4)","decl":{"start":{"line":35,"column":38},"end":{"line":35,"column":39}},"loc":{"start":{"line":35,"column":44},"end":{"line":35,"column":55}},"line":35},"5":{"name":"(anonymous_5)","decl":{"start":{"line":38,"column":111},"end":{"line":38,"column":112}},"loc":{"start":{"line":38,"column":123},"end":{"line":40,"column":3}},"line":38},"6":{"name":"(anonymous_6)","decl":{"start":{"line":39,"column":43},"end":{"line":39,"column":44}},"loc":{"start":{"line":39,"column":49},"end":{"line":39,"column":60}},"line":39},"7":{"name":"displaySummary","decl":{"start":{"line":47,"column":9},"end":{"line":47,"column":23}},"loc":{"start":{"line":47,"column":40},"end":{"line":125,"column":1}},"line":47},"8":{"name":"(anonymous_8)","decl":{"start":{"line":78,"column":20},"end":{"line":78,"column":21}},"loc":{"start":{"line":78,"column":26},"end":{"line":82,"column":3}},"line":78},"9":{"name":"(anonymous_9)","decl":{"start":{"line":81,"column":15},"end":{"line":81,"column":16}},"loc":{"start":{"line":81,"column":21},"end":{"line":81,"column":45}},"line":81},"10":{"name":"(anonymous_10)","decl":{"start":{"line":87,"column":21},"end":{"line":87,"column":22}},"loc":{"start":{"line":87,"column":27},"end":{"line":87,"column":43}},"line":87},"11":{"name":"(anonymous_11)","decl":{"start":{"line":100,"column":39},"end":{"line":100,"column":40}},"loc":{"start":{"line":100,"column":47},"end":{"line":103,"column":5}},"line":100},"12":{"name":"(anonymous_12)","decl":{"start":{"line":109,"column":52},"end":{"line":109,"column":53}},"loc":{"start":{"line":109,"column":61},"end":{"line":114,"column":3}},"line":109},"13":{"name":"(anonymous_13)","decl":{"start":{"line":120,"column":20},"end":{"line":120,"column":21}},"loc":{"start":{"line":120,"column":27},"end":{"line":122,"column":3}},"line":120},"14":{"name":"summarizeResults","decl":{"start":{"line":127,"column":15},"end":{"line":127,"column":31}},"loc":{"start":{"line":127,"column":34},"end":{"line":230,"column":1}},"line":127},"15":{"name":"(anonymous_15)","decl":{"start":{"line":164,"column":35},"end":{"line":164,"column":36}},"loc":{"start":{"line":165,"column":6},"end":{"line":168,"column":24}},"line":165},"16":{"name":"(anonymous_16)","decl":{"start":{"line":166,"column":24},"end":{"line":166,"column":25}},"loc":{"start":{"line":166,"column":29},"end":{"line":166,"column":37}},"line":166},"17":{"name":"(anonymous_17)","decl":{"start":{"line":167,"column":20},"end":{"line":167,"column":21}},"loc":{"start":{"line":167,"column":35},"end":{"line":167,"column":76}},"line":167},"18":{"name":"(anonymous_18)","decl":{"start":{"line":167,"column":46},"end":{"line":167,"column":47}},"loc":{"start":{"line":167,"column":52},"end":{"line":167,"column":69}},"line":167},"19":{"name":"(anonymous_19)","decl":{"start":{"line":168,"column":15},"end":{"line":168,"column":16}},"loc":{"start":{"line":168,"column":21},"end":{"line":168,"column":23}},"line":168},"20":{"name":"(anonymous_20)","decl":{"start":{"line":175,"column":11},"end":{"line":175,"column":12}},"loc":{"start":{"line":175,"column":24},"end":{"line":178,"column":7}},"line":175},"21":{"name":"(anonymous_21)","decl":{"start":{"line":179,"column":14},"end":{"line":179,"column":15}},"loc":{"start":{"line":179,"column":22},"end":{"line":179,"column":26}},"line":179},"22":{"name":"(anonymous_22)","decl":{"start":{"line":182,"column":32},"end":{"line":182,"column":33}},"loc":{"start":{"line":182,"column":44},"end":{"line":182,"column":63}},"line":182},"23":{"name":"(anonymous_23)","decl":{"start":{"line":217,"column":67},"end":{"line":217,"column":68}},"loc":{"start":{"line":217,"column":74},"end":{"line":217,"column":82}},"line":217},"24":{"name":"(anonymous_24)","decl":{"start":{"line":232,"column":37},"end":{"line":232,"column":38}},"loc":{"start":{"line":232,"column":44},"end":{"line":237,"column":1}},"line":232}},"branchMap":{"0":{"loc":{"start":{"line":4,"column":2},"end":{"line":4,"column":55}},"type":"if","locations":[{"start":{"line":4,"column":2},"end":{"line":4,"column":55}},{"start":{},"end":{}}],"line":4},"1":{"loc":{"start":{"line":20,"column":4},"end":{"line":24,"column":5}},"type":"if","locations":[{"start":{"line":20,"column":4},"end":{"line":24,"column":5}},{"start":{},"end":{}}],"line":20},"2":{"loc":{"start":{"line":20,"column":8},"end":{"line":20,"column":54}},"type":"binary-expr","locations":[{"start":{"line":20,"column":8},"end":{"line":20,"column":22}},{"start":{"line":20,"column":26},"end":{"line":20,"column":54}}],"line":20},"3":{"loc":{"start":{"line":23,"column":6},"end":{"line":23,"column":34}},"type":"if","locations":[{"start":{"line":23,"column":6},"end":{"line":23,"column":34}},{"start":{},"end":{}}],"line":23},"4":{"loc":{"start":{"line":42,"column":15},"end":{"line":42,"column":103}},"type":"binary-expr","locations":[{"start":{"line":42,"column":15},"end":{"line":42,"column":91}},{"start":{"line":42,"column":95},"end":{"line":42,"column":103}}],"line":42},"5":{"loc":{"start":{"line":43,"column":15},"end":{"line":43,"column":36}},"type":"binary-expr","locations":[{"start":{"line":43,"column":15},"end":{"line":43,"column":30}},{"start":{"line":43,"column":34},"end":{"line":43,"column":36}}],"line":43},"6":{"loc":{"start":{"line":61,"column":2},"end":{"line":68,"column":3}},"type":"if","locations":[{"start":{"line":61,"column":2},"end":{"line":68,"column":3}},{"start":{},"end":{}}],"line":61},"7":{"loc":{"start":{"line":61,"column":6},"end":{"line":61,"column":29}},"type":"binary-expr","locations":[{"start":{"line":61,"column":6},"end":{"line":61,"column":10}},{"start":{"line":61,"column":14},"end":{"line":61,"column":29}}],"line":61},"8":{"loc":{"start":{"line":97,"column":2},"end":{"line":106,"column":3}},"type":"if","locations":[{"start":{"line":97,"column":2},"end":{"line":106,"column":3}},{"start":{"line":104,"column":9},"end":{"line":106,"column":3}}],"line":97},"9":{"loc":{"start":{"line":110,"column":4},"end":{"line":112,"column":5}},"type":"if","locations":[{"start":{"line":110,"column":4},"end":{"line":112,"column":5}},{"start":{},"end":{}}],"line":110},"10":{"loc":{"start":{"line":121,"column":4},"end":{"line":121,"column":47}},"type":"if","locations":[{"start":{"line":121,"column":4},"end":{"line":121,"column":47}},{"start":{},"end":{}}],"line":121},"11":{"loc":{"start":{"line":134,"column":4},"end":{"line":139,"column":5}},"type":"if","locations":[{"start":{"line":134,"column":4},"end":{"line":139,"column":5}},{"start":{},"end":{}}],"line":134},"12":{"loc":{"start":{"line":135,"column":6},"end":{"line":137,"column":7}},"type":"if","locations":[{"start":{"line":135,"column":6},"end":{"line":137,"column":7}},{"start":{},"end":{}}],"line":135},"13":{"loc":{"start":{"line":141,"column":18},"end":{"line":141,"column":60}},"type":"binary-expr","locations":[{"start":{"line":141,"column":18},"end":{"line":141,"column":31}},{"start":{"line":141,"column":35},"end":{"line":141,"column":60}}],"line":141},"14":{"loc":{"start":{"line":142,"column":21},"end":{"line":142,"column":50}},"type":"binary-expr","locations":[{"start":{"line":142,"column":21},"end":{"line":142,"column":37}},{"start":{"line":142,"column":41},"end":{"line":142,"column":50}}],"line":142},"15":{"loc":{"start":{"line":143,"column":19},"end":{"line":143,"column":46}},"type":"binary-expr","locations":[{"start":{"line":143,"column":19},"end":{"line":143,"column":32}},{"start":{"line":143,"column":36},"end":{"line":143,"column":46}}],"line":143},"16":{"loc":{"start":{"line":157,"column":4},"end":{"line":160,"column":5}},"type":"if","locations":[{"start":{"line":157,"column":4},"end":{"line":160,"column":5}},{"start":{},"end":{}}],"line":157},"17":{"loc":{"start":{"line":177,"column":15},"end":{"line":177,"column":80}},"type":"cond-expr","locations":[{"start":{"line":177,"column":35},"end":{"line":177,"column":75}},{"start":{"line":177,"column":78},"end":{"line":177,"column":80}}],"line":177},"18":{"loc":{"start":{"line":184,"column":4},"end":{"line":187,"column":5}},"type":"if","locations":[{"start":{"line":184,"column":4},"end":{"line":187,"column":5}},{"start":{},"end":{}}],"line":184},"19":{"loc":{"start":{"line":204,"column":4},"end":{"line":207,"column":5}},"type":"if","locations":[{"start":{"line":204,"column":4},"end":{"line":207,"column":5}},{"start":{},"end":{}}],"line":204},"20":{"loc":{"start":{"line":206,"column":22},"end":{"line":206,"column":66}},"type":"binary-expr","locations":[{"start":{"line":206,"column":22},"end":{"line":206,"column":42}},{"start":{"line":206,"column":46},"end":{"line":206,"column":66}}],"line":206},"21":{"loc":{"start":{"line":212,"column":4},"end":{"line":214,"column":5}},"type":"if","locations":[{"start":{"line":212,"column":4},"end":{"line":214,"column":5}},{"start":{},"end":{}}],"line":212},"22":{"loc":{"start":{"line":216,"column":4},"end":{"line":218,"column":5}},"type":"if","locations":[{"start":{"line":216,"column":4},"end":{"line":218,"column":5}},{"start":{},"end":{}}],"line":216},"23":{"loc":{"start":{"line":233,"column":2},"end":{"line":236,"column":3}},"type":"if","locations":[{"start":{"line":233,"column":2},"end":{"line":236,"column":3}},{"start":{},"end":{}}],"line":233},"24":{"loc":{"start":{"line":233,"column":6},"end":{"line":233,"column":46}},"type":"binary-expr","locations":[{"start":{"line":233,"column":6},"end":{"line":233,"column":15}},{"start":{"line":233,"column":19},"end":{"line":233,"column":29}},{"start":{"line":233,"column":33},"end":{"line":233,"column":46}}],"line":233},"25":{"loc":{"start":{"line":239,"column":0},"end":{"line":243,"column":1}},"type":"if","locations":[{"start":{"line":239,"column":0},"end":{"line":243,"column":1}},{"start":{"line":241,"column":7},"end":{"line":243,"column":1}}],"line":239}},"s":{"0":0,"1":0,"2":0,"3":0,"4":0,"5":0,"6":0,"7":0,"8":0,"9":0,"10":0,"11":0,"12":0,"13":0,"14":0,"15":0,"16":0,"17":0,"18":0,"19":0,"20":0,"21":0,"22":0,"23":0,"24":0,"25":0,"26":0,"27":0,"28":0,"29":0,"30":0,"31":0,"32":0,"33":0,"34":0,"35":0,"36":0,"37":0,"38":0,"39":0,"40":0,"41":0,"42":0,"43":0,"44":0,"45":0,"46":0,"47":0,"48":0,"49":0,"50":0,"51":0,"52":0,"53":0,"54":0,"55":0,"56":0,"57":0,"58":0,"59":0,"60":0,"61":0,"62":0,"63":0,"64":0,"65":0,"66":0,"67":0,"68":0,"69":0,"70":0,"71":0,"72":0,"73":0,"74":0,"75":0,"76":0,"77":0,"78":0,"79":0,"80":0,"81":0,"82":0,"83":0,"84":0,"85":0,"86":0,"87":0,"88":0,"89":0,"90":0,"91":0,"92":0,"93":0,"94":0,"95":0,"96":0,"97":0,"98":0,"99":0,"100":0,"101":0,"102":0,"103":0,"104":0,"105":0,"106":0,"107":0,"108":0,"109":0,"110":0,"111":0,"112":0,"113":0,"114":0,"115":0,"116":0,"117":0,"118":0,"119":0,"120":0,"121":0,"122":0,"123":0,"124":0,"125":0,"126":0,"127":0,"128":0,"129":0,"130":0,"131":0,"132":0,"133":0,"134":0,"135":0,"136":0,"137":0,"138":0,"139":0,"140":0,"141":0,"142":0,"143":0,"144":0,"145":0,"146":0,"147":0,"148":0,"149":0},"f":{"0":0,"1":0,"2":0,"3":0,"4":0,"5":0,"6":0,"7":0,"8":0,"9":0,"10":0,"11":0,"12":0,"13":0,"14":0,"15":0,"16":0,"17":0,"18":0,"19":0,"20":0,"21":0,"22":0,"23":0,"24":0},"b":{"0":[0,0],"1":[0,0],"2":[0,0],"3":[0,0],"4":[0,0],"5":[0,0],"6":[0,0],"7":[0,0],"8":[0,0],"9":[0,0],"10":[0,0],"11":[0,0],"12":[0,0],"13":[0,0],"14":[0,0],"15":[0,0],"16":[0,0],"17":[0,0],"18":[0,0],"19":[0,0],"20":[0,0],"21":[0,0],"22":[0,0],"23":[0,0],"24":[0,0,0],"25":[0,0]}}
,"/home/teycir/Repos/Gist/popup/popup.js": {"path":"/home/teycir/Repos/Gist/popup/popup.js","statementMap":{"0":{"start":{"line":2,"column":17},"end":{"line":2,"column":55}},"1":{"start":{"line":3,"column":2},"end":{"line":37,"column":3}},"2":{"start":{"line":4,"column":21},"end":{"line":6,"column":5}},"3":{"start":{"line":7,"column":17},"end":{"line":7,"column":38}},"4":{"start":{"line":9,"column":19},"end":{"line":27,"column":24}},"5":{"start":{"line":10,"column":6},"end":{"line":10,"column":83}},"6":{"start":{"line":10,"column":70},"end":{"line":10,"column":83}},"7":{"start":{"line":11,"column":19},"end":{"line":11,"column":46}},"8":{"start":{"line":12,"column":19},"end":{"line":12,"column":54}},"9":{"start":{"line":13,"column":6},"end":{"line":17,"column":75}},"10":{"start":{"line":19,"column":29},"end":{"line":22,"column":7}},"11":{"start":{"line":20,"column":22},"end":{"line":20,"column":46}},"12":{"start":{"line":21,"column":8},"end":{"line":21,"column":48}},"13":{"start":{"line":23,"column":23},"end":{"line":23,"column":45}},"14":{"start":{"line":24,"column":23},"end":{"line":24,"column":45}},"15":{"start":{"line":25,"column":6},"end":{"line":25,"column":60}},"16":{"start":{"line":25,"column":33},"end":{"line":25,"column":60}},"17":{"start":{"line":26,"column":6},"end":{"line":26,"column":62}},"18":{"start":{"line":29,"column":4},"end":{"line":34,"column":56}},"19":{"start":{"line":31,"column":30},"end":{"line":31,"column":64}},"20":{"start":{"line":32,"column":10},"end":{"line":32,"column":69}},"21":{"start":{"line":36,"column":4},"end":{"line":36,"column":71}},"22":{"start":{"line":40,"column":0},"end":{"line":54,"column":3}},"23":{"start":{"line":41,"column":14},"end":{"line":41,"column":60}},"24":{"start":{"line":42,"column":16},"end":{"line":42,"column":60}},"25":{"start":{"line":43,"column":19},"end":{"line":43,"column":66}},"26":{"start":{"line":44,"column":17},"end":{"line":44,"column":62}},"27":{"start":{"line":46,"column":2},"end":{"line":49,"column":3}},"28":{"start":{"line":47,"column":4},"end":{"line":47,"column":37}},"29":{"start":{"line":48,"column":4},"end":{"line":48,"column":11}},"30":{"start":{"line":51,"column":2},"end":{"line":53,"column":5}},"31":{"start":{"line":52,"column":4},"end":{"line":52,"column":42}},"32":{"start":{"line":56,"column":0},"end":{"line":59,"column":3}},"33":{"start":{"line":57,"column":14},"end":{"line":57,"column":35}},"34":{"start":{"line":58,"column":2},"end":{"line":58,"column":27}},"35":{"start":{"line":58,"column":11},"end":{"line":58,"column":27}},"36":{"start":{"line":61,"column":0},"end":{"line":78,"column":3}},"37":{"start":{"line":62,"column":2},"end":{"line":77,"column":5}},"38":{"start":{"line":63,"column":4},"end":{"line":70,"column":5}},"39":{"start":{"line":64,"column":6},"end":{"line":64,"column":60}},"40":{"start":{"line":65,"column":6},"end":{"line":69,"column":9}},"41":{"start":{"line":66,"column":8},"end":{"line":68,"column":9}},"42":{"start":{"line":67,"column":10},"end":{"line":67,"column":71}},"43":{"start":{"line":71,"column":4},"end":{"line":73,"column":5}},"44":{"start":{"line":72,"column":6},"end":{"line":72,"column":73}},"45":{"start":{"line":74,"column":4},"end":{"line":76,"column":5}},"46":{"start":{"line":75,"column":6},"end":{"line":75,"column":68}}},"fnMap":{"0":{"name":"loadModels","decl":{"start":{"line":1,"column":15},"end":{"line":1,"column":25}},"loc":{"start":{"line":1,"column":34},"end":{"line":38,"column":1}},"line":1},"1":{"name":"(anonymous_1)","decl":{"start":{"line":9,"column":39},"end":{"line":9,"column":40}},"loc":{"start":{"line":9,"column":44},"end":{"line":18,"column":5}},"line":9},"2":{"name":"(anonymous_2)","decl":{"start":{"line":18,"column":12},"end":{"line":18,"column":13}},"loc":{"start":{"line":18,"column":22},"end":{"line":27,"column":5}},"line":18},"3":{"name":"(anonymous_3)","decl":{"start":{"line":19,"column":29},"end":{"line":19,"column":30}},"loc":{"start":{"line":19,"column":39},"end":{"line":22,"column":7}},"line":19},"4":{"name":"(anonymous_4)","decl":{"start":{"line":30,"column":19},"end":{"line":30,"column":20}},"loc":{"start":{"line":30,"column":24},"end":{"line":33,"column":9}},"line":30},"5":{"name":"(anonymous_5)","decl":{"start":{"line":40,"column":61},"end":{"line":40,"column":62}},"loc":{"start":{"line":40,"column":67},"end":{"line":54,"column":1}},"line":40},"6":{"name":"(anonymous_6)","decl":{"start":{"line":51,"column":122},"end":{"line":51,"column":123}},"loc":{"start":{"line":51,"column":128},"end":{"line":53,"column":3}},"line":51},"7":{"name":"(anonymous_7)","decl":{"start":{"line":56,"column":59},"end":{"line":56,"column":60}},"loc":{"start":{"line":56,"column":66},"end":{"line":59,"column":1}},"line":56},"8":{"name":"(anonymous_8)","decl":{"start":{"line":61,"column":46},"end":{"line":61,"column":47}},"loc":{"start":{"line":61,"column":52},"end":{"line":78,"column":1}},"line":61},"9":{"name":"(anonymous_9)","decl":{"start":{"line":62,"column":98},"end":{"line":62,"column":99}},"loc":{"start":{"line":62,"column":167},"end":{"line":77,"column":3}},"line":62},"10":{"name":"(anonymous_10)","decl":{"start":{"line":65,"column":35},"end":{"line":65,"column":36}},"loc":{"start":{"line":65,"column":41},"end":{"line":69,"column":7}},"line":65}},"branchMap":{"0":{"loc":{"start":{"line":9,"column":19},"end":{"line":27,"column":24}},"type":"binary-expr","locations":[{"start":{"line":9,"column":19},"end":{"line":27,"column":18}},{"start":{"line":27,"column":22},"end":{"line":27,"column":24}}],"line":9},"1":{"loc":{"start":{"line":10,"column":6},"end":{"line":10,"column":83}},"type":"if","locations":[{"start":{"line":10,"column":6},"end":{"line":10,"column":83}},{"start":{},"end":{}}],"line":10},"2":{"loc":{"start":{"line":12,"column":20},"end":{"line":12,"column":39}},"type":"binary-expr","locations":[{"start":{"line":12,"column":20},"end":{"line":12,"column":33}},{"start":{"line":12,"column":37},"end":{"line":12,"column":39}}],"line":12},"3":{"loc":{"start":{"line":13,"column":13},"end":{"line":17,"column":74}},"type":"binary-expr","locations":[{"start":{"line":13,"column":13},"end":{"line":13,"column":35}},{"start":{"line":14,"column":13},"end":{"line":14,"column":36}},{"start":{"line":14,"column":40},"end":{"line":14,"column":61}},{"start":{"line":15,"column":13},"end":{"line":15,"column":37}},{"start":{"line":15,"column":41},"end":{"line":15,"column":67}},{"start":{"line":16,"column":13},"end":{"line":16,"column":43}},{"start":{"line":16,"column":47},"end":{"line":16,"column":71}},{"start":{"line":17,"column":13},"end":{"line":17,"column":47}},{"start":{"line":17,"column":51},"end":{"line":17,"column":74}}],"line":13},"4":{"loc":{"start":{"line":21,"column":15},"end":{"line":21,"column":47}},"type":"cond-expr","locations":[{"start":{"line":21,"column":23},"end":{"line":21,"column":43}},{"start":{"line":21,"column":46},"end":{"line":21,"column":47}}],"line":21},"5":{"loc":{"start":{"line":25,"column":6},"end":{"line":25,"column":60}},"type":"if","locations":[{"start":{"line":25,"column":6},"end":{"line":25,"column":60}},{"start":{},"end":{}}],"line":25},"6":{"loc":{"start":{"line":26,"column":14},"end":{"line":26,"column":29}},"type":"binary-expr","locations":[{"start":{"line":26,"column":14},"end":{"line":26,"column":23}},{"start":{"line":26,"column":27},"end":{"line":26,"column":29}}],"line":26},"7":{"loc":{"start":{"line":26,"column":45},"end":{"line":26,"column":60}},"type":"binary-expr","locations":[{"start":{"line":26,"column":45},"end":{"line":26,"column":54}},{"start":{"line":26,"column":58},"end":{"line":26,"column":60}}],"line":26},"8":{"loc":{"start":{"line":29,"column":23},"end":{"line":34,"column":55}},"type":"cond-expr","locations":[{"start":{"line":30,"column":8},"end":{"line":33,"column":19}},{"start":{"line":34,"column":8},"end":{"line":34,"column":55}}],"line":29},"9":{"loc":{"start":{"line":46,"column":2},"end":{"line":49,"column":3}},"type":"if","locations":[{"start":{"line":46,"column":2},"end":{"line":49,"column":3}},{"start":{},"end":{}}],"line":46},"10":{"loc":{"start":{"line":58,"column":2},"end":{"line":58,"column":27}},"type":"if","locations":[{"start":{"line":58,"column":2},"end":{"line":58,"column":27}},{"start":{},"end":{}}],"line":58},"11":{"loc":{"start":{"line":63,"column":4},"end":{"line":70,"column":5}},"type":"if","locations":[{"start":{"line":63,"column":4},"end":{"line":70,"column":5}},{"start":{},"end":{}}],"line":63},"12":{"loc":{"start":{"line":66,"column":8},"end":{"line":68,"column":9}},"type":"if","locations":[{"start":{"line":66,"column":8},"end":{"line":68,"column":9}},{"start":{},"end":{}}],"line":66},"13":{"loc":{"start":{"line":71,"column":4},"end":{"line":73,"column":5}},"type":"if","locations":[{"start":{"line":71,"column":4},"end":{"line":73,"column":5}},{"start":{},"end":{}}],"line":71},"14":{"loc":{"start":{"line":74,"column":4},"end":{"line":76,"column":5}},"type":"if","locations":[{"start":{"line":74,"column":4},"end":{"line":76,"column":5}},{"start":{},"end":{}}],"line":74}},"s":{"0":0,"1":0,"2":0,"3":0,"4":0,"5":0,"6":0,"7":0,"8":0,"9":0,"10":0,"11":0,"12":0,"13":0,"14":0,"15":0,"16":0,"17":0,"18":0,"19":0,"20":0,"21":0,"22":0,"23":0,"24":0,"25":0,"26":0,"27":0,"28":0,"29":0,"30":0,"31":0,"32":0,"33":0,"34":0,"35":0,"36":0,"37":0,"38":0,"39":0,"40":0,"41":0,"42":0,"43":0,"44":0,"45":0,"46":0},"f":{"0":0,"1":0,"2":0,"3":0,"4":0,"5":0,"6":0,"7":0,"8":0,"9":0,"10":0},"b":{"0":[0,0],"1":[0,0],"2":[0,0],"3":[0,0,0,0,0,0,0,0,0],"4":[0,0],"5":[0,0],"6":[0,0],"7":[0,0],"8":[0,0],"9":[0,0],"10":[0,0],"11":[0,0],"12":[0,0],"13":[0,0],"14":[0,0]}}
}
