TN:
SF:content/content.js
FN:3,addSummarizeButton
FN:13,scrapeGoogleUrls
FN:30,cleanHtmlToText
FN:34,(anonymous_3)
FN:35,(anonymous_4)
FN:38,(anonymous_5)
FN:39,(anonymous_6)
FN:47,displaySummary
FN:78,(anonymous_8)
FN:81,(anonymous_9)
FN:87,(anonymous_10)
FN:100,(anonymous_11)
FN:109,(anonymous_12)
FN:120,(anonymous_13)
FN:127,summarizeResults
FN:164,(anonymous_15)
FN:166,(anonymous_16)
FN:167,(anonymous_17)
FN:167,(anonymous_18)
FN:168,(anonymous_19)
FN:175,(anonymous_20)
FN:179,(anonymous_21)
FN:182,(anonymous_22)
FN:217,(anonymous_23)
FN:233,(anonymous_24)
FNF:25
FNH:17
FNDA:5,addSummarizeButton
FNDA:8,scrapeGoogleUrls
FNDA:8,cleanHtmlToText
FNDA:88,(anonymous_3)
FNDA:4,(anonymous_4)
FNDA:72,(anonymous_5)
FNDA:0,(anonymous_6)
FNDA:6,displaySummary
FNDA:1,(anonymous_8)
FNDA:0,(anonymous_9)
FNDA:1,(anonymous_10)
FNDA:0,(anonymous_11)
FNDA:0,(anonymous_12)
FNDA:2,(anonymous_13)
FNDA:4,summarizeResults
FNDA:1,(anonymous_15)
FNDA:1,(anonymous_16)
FNDA:1,(anonymous_17)
FNDA:0,(anonymous_18)
FNDA:0,(anonymous_19)
FNDA:1,(anonymous_20)
FNDA:1,(anonymous_21)
FNDA:1,(anonymous_22)
FNDA:0,(anonymous_23)
FNDA:0,(anonymous_24)
DA:1,2
DA:4,5
DA:6,3
DA:7,3
DA:8,3
DA:9,3
DA:10,3
DA:14,8
DA:15,8
DA:16,8
DA:18,8
DA:19,17
DA:20,17
DA:21,14
DA:22,14
DA:23,14
DA:27,8
DA:31,8
DA:32,8
DA:34,8
DA:35,88
DA:38,8
DA:39,72
DA:42,8
DA:43,8
DA:44,8
DA:48,6
DA:49,6
DA:51,6
DA:52,6
DA:54,6
DA:55,6
DA:57,6
DA:58,6
DA:59,6
DA:61,6
DA:62,3
DA:63,3
DA:64,3
DA:65,3
DA:66,3
DA:67,3
DA:70,6
DA:71,6
DA:72,6
DA:74,6
DA:75,6
DA:76,6
DA:77,6
DA:78,6
DA:79,1
DA:80,1
DA:81,1
DA:84,6
DA:85,6
DA:86,6
DA:87,6
DA:89,6
DA:90,6
DA:91,6
DA:92,6
DA:94,6
DA:95,6
DA:97,6
DA:98,0
DA:99,0
DA:100,0
DA:101,0
DA:102,0
DA:105,6
DA:108,6
DA:109,6
DA:110,0
DA:111,0
DA:113,0
DA:116,6
DA:117,6
DA:118,6
DA:120,6
DA:121,2
DA:124,6
DA:128,4
DA:129,4
DA:131,4
DA:132,4
DA:134,4
DA:135,2
DA:136,0
DA:138,2
DA:141,2
DA:142,2
DA:143,2
DA:145,2
DA:151,2
DA:152,2
DA:154,2
DA:155,2
DA:157,2
DA:158,1
DA:159,1
DA:162,1
DA:164,1
DA:165,1
DA:166,1
DA:167,1
DA:168,0
DA:171,1
DA:173,1
DA:174,1
DA:176,1
DA:177,1
DA:179,1
DA:182,1
DA:184,1
DA:185,1
DA:186,1
DA:189,0
DA:191,0
DA:204,0
DA:205,0
DA:206,0
DA:209,0
DA:210,0
DA:212,0
DA:213,0
DA:216,0
DA:217,0
DA:220,0
DA:221,0
DA:224,0
DA:225,0
DA:227,4
DA:228,4
DA:232,2
DA:233,2
DA:234,0
DA:235,0
DA:236,0
DA:240,2
DA:241,0
DA:243,2
DA:247,2
DA:248,2
LF:143
LH:114
BRDA:4,0,0,2
BRDA:4,0,1,3
BRDA:20,1,0,14
BRDA:20,1,1,3
BRDA:20,2,0,17
BRDA:20,2,1,17
BRDA:23,3,0,4
BRDA:23,3,1,10
BRDA:42,4,0,8
BRDA:42,4,1,7
BRDA:43,5,0,8
BRDA:43,5,1,0
BRDA:43,5,2,0
BRDA:61,6,0,3
BRDA:61,6,1,3
BRDA:61,7,0,6
BRDA:61,7,1,6
BRDA:97,8,0,0
BRDA:97,8,1,6
BRDA:110,9,0,0
BRDA:110,9,1,0
BRDA:121,10,0,0
BRDA:121,10,1,2
BRDA:134,11,0,2
BRDA:134,11,1,2
BRDA:135,12,0,0
BRDA:135,12,1,2
BRDA:141,13,0,2
BRDA:141,13,1,2
BRDA:142,14,0,2
BRDA:142,14,1,2
BRDA:143,15,0,2
BRDA:143,15,1,2
BRDA:157,16,0,1
BRDA:157,16,1,1
BRDA:177,17,0,0
BRDA:177,17,1,1
BRDA:184,18,0,1
BRDA:184,18,1,0
BRDA:204,19,0,0
BRDA:204,19,1,0
BRDA:206,20,0,0
BRDA:206,20,1,0
BRDA:212,21,0,0
BRDA:212,21,1,0
BRDA:216,22,0,0
BRDA:216,22,1,0
BRDA:232,23,0,2
BRDA:232,23,1,0
BRDA:234,24,0,0
BRDA:234,24,1,0
BRDA:234,25,0,0
BRDA:234,25,1,0
BRDA:234,25,2,0
BRDA:240,26,0,0
BRDA:240,26,1,2
BRDA:247,27,0,2
BRDA:247,27,1,0
BRDA:247,28,0,2
BRDA:247,28,1,2
BRF:60
BRH:35
end_of_record
TN:
SF:popup/popup.js
FN:1,loadModels
FN:9,(anonymous_1)
FN:18,(anonymous_2)
FN:19,(anonymous_3)
FN:30,(anonymous_4)
FN:40,(anonymous_5)
FN:51,(anonymous_6)
FN:56,(anonymous_7)
FN:62,(anonymous_8)
FN:63,(anonymous_9)
FN:66,(anonymous_10)
FNF:11
FNH:5
FNDA:4,loadModels
FNDA:13,(anonymous_1)
FNDA:10,(anonymous_2)
FNDA:20,(anonymous_3)
FNDA:8,(anonymous_4)
FNDA:0,(anonymous_5)
FNDA:0,(anonymous_6)
FNDA:0,(anonymous_7)
FNDA:0,(anonymous_8)
FNDA:0,(anonymous_9)
FNDA:0,(anonymous_10)
DA:2,4
DA:3,4
DA:4,4
DA:7,3
DA:9,3
DA:10,13
DA:11,13
DA:12,13
DA:13,13
DA:19,10
DA:20,20
DA:21,20
DA:23,10
DA:24,10
DA:25,10
DA:26,9
DA:29,3
DA:31,8
DA:32,8
DA:36,1
DA:40,1
DA:41,0
DA:42,0
DA:43,0
DA:44,0
DA:46,0
DA:47,0
DA:48,0
DA:51,0
DA:52,0
DA:56,1
DA:57,0
DA:58,0
DA:61,1
DA:62,1
DA:63,0
DA:64,0
DA:65,0
DA:66,0
DA:67,0
DA:68,0
DA:72,0
DA:73,0
DA:75,0
DA:76,0
DA:82,1
DA:83,1
LF:47
LH:26
BRDA:9,0,0,3
BRDA:9,0,1,0
BRDA:10,1,0,0
BRDA:10,1,1,13
BRDA:12,2,0,13
BRDA:12,2,1,0
BRDA:13,3,0,13
BRDA:13,3,1,13
BRDA:13,3,2,13
BRDA:13,3,3,13
BRDA:13,3,4,13
BRDA:13,3,5,13
BRDA:13,3,6,13
BRDA:13,3,7,13
BRDA:13,3,8,13
BRDA:21,4,0,2
BRDA:21,4,1,18
BRDA:25,5,0,1
BRDA:25,5,1,9
BRDA:26,6,0,9
BRDA:26,6,1,0
BRDA:26,7,0,9
BRDA:26,7,1,0
BRDA:29,8,0,3
BRDA:29,8,1,0
BRDA:46,9,0,0
BRDA:46,9,1,0
BRDA:58,10,0,0
BRDA:58,10,1,0
BRDA:61,11,0,1
BRDA:61,11,1,0
BRDA:64,12,0,0
BRDA:64,12,1,0
BRDA:67,13,0,0
BRDA:67,13,1,0
BRDA:72,14,0,0
BRDA:72,14,1,0
BRDA:75,15,0,0
BRDA:75,15,1,0
BRDA:82,16,0,1
BRDA:82,16,1,0
BRDA:82,17,0,1
BRDA:82,17,1,1
BRF:43
BRH:23
end_of_record
