TN:
SF:content/content.js
FN:14,simpleHash
FN:23,cleanupCaches
FN:36,(anonymous_2)
FN:38,(anonymous_3)
FN:43,(anonymous_4)
FN:45,(anonymous_5)
FN:49,addSummarizeButton
FN:61,scrapeGoogleUrls
FN:78,isValidUrl
FN:87,sanitizeText
FN:88,(anonymous_10)
FN:94,cleanHtmlToText
FN:97,(anonymous_12)
FN:104,displaySummary
FN:132,(anonymous_14)
FN:135,(anonymous_15)
FN:141,(anonymous_16)
FN:154,(anonymous_17)
FN:171,(anonymous_18)
FN:178,extractSearchQuery
FN:183,getCachedPage
FN:203,setCachedPage
FN:215,fetchWithTimeout
FN:228,(anonymous_23)
FN:229,(anonymous_24)
FN:229,(anonymous_25)
FN:230,(anonymous_26)
FN:236,summarizeResults
FN:247,(anonymous_28)
FN:305,(anonymous_29)
FN:311,(anonymous_30)
FN:312,(anonymous_31)
FN:321,(anonymous_32)
FN:361,(anonymous_33)
FN:394,(anonymous_34)
FN:413,(anonymous_35)
FN:419,(anonymous_36)
FNF:37
FNH:0
FNDA:0,simpleHash
FNDA:0,cleanupCaches
FNDA:0,(anonymous_2)
FNDA:0,(anonymous_3)
FNDA:0,(anonymous_4)
FNDA:0,(anonymous_5)
FNDA:0,addSummarizeButton
FNDA:0,scrapeGoogleUrls
FNDA:0,isValidUrl
FNDA:0,sanitizeText
FNDA:0,(anonymous_10)
FNDA:0,cleanHtmlToText
FNDA:0,(anonymous_12)
FNDA:0,displaySummary
FNDA:0,(anonymous_14)
FNDA:0,(anonymous_15)
FNDA:0,(anonymous_16)
FNDA:0,(anonymous_17)
FNDA:0,(anonymous_18)
FNDA:0,extractSearchQuery
FNDA:0,getCachedPage
FNDA:0,setCachedPage
FNDA:0,fetchWithTimeout
FNDA:0,(anonymous_23)
FNDA:0,(anonymous_24)
FNDA:0,(anonymous_25)
FNDA:0,(anonymous_26)
FNDA:0,summarizeResults
FNDA:0,(anonymous_28)
FNDA:0,(anonymous_29)
FNDA:0,(anonymous_30)
FNDA:0,(anonymous_31)
FNDA:0,(anonymous_32)
FNDA:0,(anonymous_33)
FNDA:0,(anonymous_34)
FNDA:0,(anonymous_35)
FNDA:0,(anonymous_36)
DA:1,23
DA:2,23
DA:3,23
DA:4,23
DA:5,23
DA:6,23
DA:7,23
DA:8,23
DA:9,23
DA:10,23
DA:11,23
DA:12,23
DA:15,0
DA:16,0
DA:17,0
DA:18,0
DA:20,0
DA:24,0
DA:26,0
DA:27,0
DA:30,0
DA:31,0
DA:34,0
DA:35,0
DA:36,0
DA:38,0
DA:41,0
DA:42,0
DA:43,0
DA:45,0
DA:50,0
DA:52,0
DA:53,0
DA:54,0
DA:55,0
DA:56,0
DA:57,0
DA:58,0
DA:62,0
DA:63,0
DA:64,0
DA:66,0
DA:67,0
DA:68,0
DA:69,0
DA:70,0
DA:71,0
DA:75,0
DA:79,0
DA:80,0
DA:81,0
DA:83,0
DA:88,0
DA:89,0
DA:90,0
DA:95,0
DA:97,0
DA:99,0
DA:101,0
DA:105,0
DA:106,0
DA:108,0
DA:109,0
DA:111,0
DA:112,0
DA:114,0
DA:115,0
DA:116,0
DA:118,0
DA:119,0
DA:120,0
DA:121,0
DA:122,0
DA:125,0
DA:126,0
DA:128,0
DA:129,0
DA:130,0
DA:131,0
DA:132,0
DA:133,0
DA:134,0
DA:135,0
DA:138,0
DA:139,0
DA:140,0
DA:141,0
DA:143,0
DA:144,0
DA:145,0
DA:146,0
DA:148,0
DA:149,0
DA:151,0
DA:152,0
DA:153,0
DA:154,0
DA:155,0
DA:156,0
DA:157,0
DA:158,0
DA:160,0
DA:164,0
DA:167,0
DA:168,0
DA:169,0
DA:171,0
DA:172,0
DA:175,0
DA:179,0
DA:180,0
DA:184,0
DA:185,0
DA:186,0
DA:189,0
DA:190,0
DA:191,0
DA:192,0
DA:193,0
DA:194,0
DA:197,0
DA:200,0
DA:204,0
DA:205,0
DA:207,0
DA:208,0
DA:209,0
DA:211,0
DA:216,0
DA:218,0
DA:219,0
DA:221,0
DA:228,0
DA:229,0
DA:230,0
DA:232,0
DA:233,0
DA:237,0
DA:239,0
DA:240,0
DA:241,0
DA:243,0
DA:245,0
DA:246,0
DA:247,0
DA:248,0
DA:249,0
DA:252,0
DA:253,0
DA:254,0
DA:256,0
DA:259,0
DA:260,0
DA:261,0
DA:263,0
DA:264,0
DA:265,0
DA:267,0
DA:268,0
DA:269,0
DA:270,0
DA:273,0
DA:274,0
DA:275,0
DA:276,0
DA:277,0
DA:278,0
DA:281,0
DA:287,0
DA:288,0
DA:290,0
DA:291,0
DA:292,0
DA:294,0
DA:295,0
DA:296,0
DA:299,0
DA:300,0
DA:302,0
DA:303,0
DA:304,0
DA:305,0
DA:306,0
DA:309,0
DA:310,0
DA:311,0
DA:312,0
DA:314,0
DA:315,0
DA:316,0
DA:319,0
DA:321,0
DA:322,0
DA:331,0
DA:332,0
DA:334,0
DA:349,0
DA:350,0
DA:351,0
DA:354,0
DA:355,0
DA:357,0
DA:358,0
DA:361,0
DA:362,0
DA:363,0
DA:366,0
DA:367,0
DA:369,0
DA:370,0
DA:372,0
DA:375,0
DA:376,0
DA:379,0
DA:380,0
DA:381,0
DA:383,0
DA:384,0
DA:385,0
DA:386,0
DA:390,23
DA:391,23
DA:392,23
DA:394,23
DA:395,0
DA:396,0
DA:397,0
DA:398,0
DA:399,0
DA:400,0
DA:405,23
DA:406,0
DA:408,23
DA:411,0
DA:413,0
DA:414,0
DA:415,0
DA:418,0
DA:419,0
DA:420,0
DA:425,0
DA:426,0
LF:242
LH:18
BRDA:27,0,0,0
BRDA:27,0,1,0
BRDA:31,1,0,0
BRDA:31,1,1,0
BRDA:34,2,0,0
BRDA:34,2,1,0
BRDA:41,3,0,0
BRDA:41,3,1,0
BRDA:50,4,0,0
BRDA:50,4,1,0
BRDA:67,5,0,0
BRDA:67,5,1,0
BRDA:69,6,0,0
BRDA:69,6,1,0
BRDA:69,7,0,0
BRDA:69,7,1,0
BRDA:81,8,0,0
BRDA:81,8,1,0
BRDA:99,9,0,0
BRDA:99,9,1,0
BRDA:101,10,0,0
BRDA:101,10,1,0
BRDA:118,11,0,0
BRDA:118,11,1,0
BRDA:118,12,0,0
BRDA:118,12,1,0
BRDA:151,13,0,0
BRDA:151,13,1,0
BRDA:152,14,0,0
BRDA:152,14,1,0
BRDA:155,15,0,0
BRDA:155,15,1,0
BRDA:172,16,0,0
BRDA:172,16,1,0
BRDA:180,17,0,0
BRDA:180,17,1,0
BRDA:180,17,2,0
BRDA:185,18,0,0
BRDA:185,18,1,0
BRDA:185,19,0,0
BRDA:185,19,1,0
BRDA:192,20,0,0
BRDA:192,20,1,0
BRDA:192,21,0,0
BRDA:192,21,1,0
BRDA:215,22,0,0
BRDA:216,23,0,0
BRDA:216,23,1,0
BRDA:219,24,0,0
BRDA:219,24,1,0
BRDA:232,25,0,0
BRDA:232,25,1,0
BRDA:237,26,0,0
BRDA:237,26,1,0
BRDA:239,27,0,0
BRDA:239,27,1,0
BRDA:252,28,0,0
BRDA:252,28,1,0
BRDA:253,29,0,0
BRDA:253,29,1,0
BRDA:259,30,0,0
BRDA:259,30,1,0
BRDA:260,31,0,0
BRDA:260,31,1,0
BRDA:261,32,0,0
BRDA:261,32,1,0
BRDA:268,33,0,0
BRDA:268,33,1,0
BRDA:268,34,0,0
BRDA:268,34,1,0
BRDA:275,35,0,0
BRDA:275,35,1,0
BRDA:275,36,0,0
BRDA:275,36,1,0
BRDA:287,37,0,0
BRDA:287,37,1,0
BRDA:288,38,0,0
BRDA:288,38,1,0
BRDA:294,39,0,0
BRDA:294,39,1,0
BRDA:314,40,0,0
BRDA:314,40,1,0
BRDA:324,41,0,0
BRDA:324,41,1,0
BRDA:349,42,0,0
BRDA:349,42,1,0
BRDA:351,43,0,0
BRDA:351,43,1,0
BRDA:357,44,0,0
BRDA:357,44,1,0
BRDA:362,45,0,0
BRDA:362,45,1,0
BRDA:380,46,0,0
BRDA:380,46,1,0
BRDA:390,47,0,23
BRDA:390,47,1,0
BRDA:395,48,0,0
BRDA:395,48,1,0
BRDA:395,49,0,0
BRDA:395,49,1,0
BRDA:395,49,2,0
BRDA:398,50,0,0
BRDA:398,50,1,0
BRDA:405,51,0,0
BRDA:405,51,1,23
BRDA:408,52,0,0
BRDA:408,52,1,0
BRDA:418,53,0,0
BRDA:418,53,1,0
BRDA:420,54,0,0
BRDA:420,54,1,0
BRDA:425,55,0,0
BRDA:425,55,1,0
BRDA:425,56,0,0
BRDA:425,56,1,0
BRF:115
BRH:2
end_of_record
TN:
SF:popup/popup.js
FN:6,getElements
FN:19,constantTimeCompare
FN:29,loadModels
FN:49,(anonymous_3)
FN:55,(anonymous_4)
FN:60,(anonymous_5)
FN:69,(anonymous_6)
FN:78,(anonymous_7)
FN:100,(anonymous_8)
FN:118,(anonymous_9)
FN:130,(anonymous_10)
FN:142,(anonymous_11)
FN:167,(anonymous_12)
FN:180,(anonymous_13)
FN:190,(anonymous_14)
FN:198,(anonymous_15)
FN:199,(anonymous_16)
FNF:17
FNH:1
FNDA:0,getElements
FNDA:0,constantTimeCompare
FNDA:4,loadModels
FNDA:0,(anonymous_3)
FNDA:0,(anonymous_4)
FNDA:0,(anonymous_5)
FNDA:0,(anonymous_6)
FNDA:0,(anonymous_7)
FNDA:0,(anonymous_8)
FNDA:0,(anonymous_9)
FNDA:0,(anonymous_10)
FNDA:0,(anonymous_11)
FNDA:0,(anonymous_12)
FNDA:0,(anonymous_13)
FNDA:0,(anonymous_14)
FNDA:0,(anonymous_15)
FNDA:0,(anonymous_16)
DA:1,7
DA:2,7
DA:3,7
DA:4,7
DA:7,0
DA:8,0
DA:16,0
DA:20,0
DA:21,0
DA:22,0
DA:23,0
DA:24,0
DA:26,0
DA:30,4
DA:31,0
DA:32,0
DA:35,0
DA:36,0
DA:38,0
DA:39,0
DA:40,0
DA:41,0
DA:42,0
DA:45,0
DA:46,0
DA:48,0
DA:49,0
DA:51,0
DA:52,0
DA:54,0
DA:55,0
DA:56,0
DA:58,0
DA:60,0
DA:61,0
DA:62,0
DA:63,0
DA:64,0
DA:70,0
DA:71,0
DA:72,0
DA:73,0
DA:76,0
DA:77,0
DA:78,0
DA:79,0
DA:80,0
DA:81,0
DA:82,0
DA:85,0
DA:86,0
DA:87,0
DA:88,0
DA:91,0
DA:92,0
DA:94,0
DA:95,0
DA:97,0
DA:98,0
DA:99,0
DA:100,0
DA:101,0
DA:102,0
DA:106,0
DA:108,0
DA:110,0
DA:111,0
DA:114,0
DA:115,0
DA:116,0
DA:117,0
DA:118,0
DA:119,0
DA:120,0
DA:124,0
DA:126,0
DA:130,7
DA:131,0
DA:132,0
DA:134,0
DA:135,0
DA:137,0
DA:138,0
DA:139,0
DA:140,0
DA:141,0
DA:142,0
DA:143,0
DA:144,0
DA:146,0
DA:149,0
DA:150,0
DA:151,0
DA:152,0
DA:154,0
DA:161,0
DA:162,0
DA:163,0
DA:164,0
DA:165,0
DA:167,0
DA:168,0
DA:169,0
DA:172,0
DA:173,0
DA:174,0
DA:176,0
DA:180,7
DA:181,0
DA:182,0
DA:183,0
DA:184,0
DA:186,0
DA:190,7
DA:191,0
DA:192,0
DA:193,0
DA:197,7
DA:198,7
DA:199,0
DA:200,0
DA:202,0
DA:203,0
DA:204,0
DA:205,0
DA:206,0
DA:210,0
DA:211,0
DA:216,7
DA:217,7
LF:130
LH:12
BRDA:7,0,0,0
BRDA:7,0,1,0
BRDA:20,1,0,0
BRDA:20,1,1,0
BRDA:20,2,0,0
BRDA:20,2,1,0
BRDA:21,3,0,0
BRDA:21,3,1,0
BRDA:30,4,0,4
BRDA:30,4,1,0
BRDA:30,5,0,4
BRDA:30,5,1,4
BRDA:30,5,2,4
BRDA:31,6,0,0
BRDA:31,6,1,0
BRDA:31,7,0,0
BRDA:31,7,1,0
BRDA:36,8,0,0
BRDA:36,8,1,0
BRDA:40,9,0,0
BRDA:40,9,1,0
BRDA:54,10,0,0
BRDA:54,10,1,0
BRDA:56,11,0,0
BRDA:56,11,1,0
BRDA:60,12,0,0
BRDA:60,12,1,0
BRDA:61,13,0,0
BRDA:61,13,1,0
BRDA:63,14,0,0
BRDA:63,14,1,0
BRDA:64,15,0,0
BRDA:64,15,1,0
BRDA:64,15,2,0
BRDA:64,15,3,0
BRDA:64,15,4,0
BRDA:64,15,5,0
BRDA:64,15,6,0
BRDA:64,15,7,0
BRDA:64,15,8,0
BRDA:70,16,0,0
BRDA:70,16,1,0
BRDA:71,17,0,0
BRDA:71,17,1,0
BRDA:72,18,0,0
BRDA:72,18,1,0
BRDA:73,19,0,0
BRDA:73,19,1,0
BRDA:73,20,0,0
BRDA:73,20,1,0
BRDA:77,21,0,0
BRDA:77,21,1,0
BRDA:97,22,0,0
BRDA:97,22,1,0
BRDA:98,23,0,0
BRDA:98,23,1,0
BRDA:99,24,0,0
BRDA:99,24,1,0
BRDA:110,25,0,0
BRDA:110,25,1,0
BRDA:114,26,0,0
BRDA:114,26,1,0
BRDA:116,27,0,0
BRDA:116,27,1,0
BRDA:126,28,0,0
BRDA:126,28,1,0
BRDA:132,29,0,0
BRDA:132,29,1,0
BRDA:132,30,0,0
BRDA:132,30,1,0
BRDA:137,31,0,0
BRDA:137,31,1,0
BRDA:137,32,0,0
BRDA:137,32,1,0
BRDA:137,32,2,0
BRDA:150,33,0,0
BRDA:150,33,1,0
BRDA:176,34,0,0
BRDA:176,34,1,0
BRDA:182,35,0,0
BRDA:182,35,1,0
BRDA:182,36,0,0
BRDA:182,36,1,0
BRDA:192,37,0,0
BRDA:192,37,1,0
BRDA:192,38,0,0
BRDA:192,38,1,0
BRDA:192,38,2,0
BRDA:192,38,3,0
BRDA:197,39,0,7
BRDA:197,39,1,0
BRDA:202,40,0,0
BRDA:202,40,1,0
BRDA:202,41,0,0
BRDA:202,41,1,0
BRDA:204,42,0,0
BRDA:204,42,1,0
BRDA:206,43,0,0
BRDA:206,43,1,0
BRDA:210,44,0,0
BRDA:210,44,1,0
BRDA:210,45,0,0
BRDA:210,45,1,0
BRDA:211,46,0,0
BRDA:211,46,1,0
BRDA:211,47,0,0
BRDA:211,47,1,0
BRDA:216,48,0,7
BRDA:216,48,1,0
BRDA:216,49,0,7
BRDA:216,49,1,7
BRF:111
BRH:8
end_of_record
